build/app/outputs/logs/manifest-merger-debug-report.txt
-- Merging decision tree log ---
manifest
ADDED from src/main/AndroidManifest.xml:1:1-52:12
INJECTED from src/main/AndroidManifest.xml:1:1-52:12
INJECTED from src/main/AndroidManifest.xml:1:1-52:12
INJECTED from src/main/AndroidManifest.xml:1:1-52:12
MERGED from [:flutter_image_compress] AndroidManifest.xml:2:1-9:12
MERGED from [:fluttertoast] AndroidManifest.xml:2:1-7:12
MERGED from [:sqflite] AndroidManifest.xml:2:1-7:12
MERGED from [:flutter_webview_plugin] AndroidManifest.xml:2:1-21:12
MERGED from [:url_launcher] AndroidManifest.xml:2:1-14:12
MERGED from [:shared_preferences] AndroidManifest.xml:2:1-7:12
MERGED from [:shared_preferences_web] AndroidManifest.xml:2:1-7:12
MERGED from [:shared_preferences_macos] AndroidManifest.xml:2:1-7:12
MERGED from [:path_provider] AndroidManifest.xml:2:1-7:12
MERGED from [:image_picker] AndroidManifest.xml:2:1-22:12
MERGED from [:url_launcher_macos] AndroidManifest.xml:2:1-7:12
MERGED from [:jpush_flutter] AndroidManifest.xml:2:1-46:12
MERGED from [:url_launcher_web] AndroidManifest.xml:2:1-7:12
MERGED from [androidx.appcompat:appcompat:1.1.0] AndroidManifest.xml:17:1-24:12
MERGED from [androidx.fragment:fragment:1.1.0] AndroidManifest.xml:17:1-24:12
MERGED from [androidx.appcompat:appcompat-resources:1.1.0] AndroidManifest.xml:17:1-24:12
MERGED from [androidx.drawerlayout:drawerlayout:1.0.0] AndroidManifest.xml:17:1-22:12
MERGED from [androidx.viewpager:viewpager:1.0.0] AndroidManifest.xml:17:1-22:12
MERGED from [androidx.loader:loader:1.0.0] AndroidManifest.xml:17:1-22:12
MERGED from [androidx.activity:activity:1.0.0] AndroidManifest.xml:17:1-24:12
MERGED from [androidx.vectordrawable:vectordrawable-animated:1.1.0] AndroidManifest.xml:17:1-24:12
MERGED from [androidx.vectordrawable:vectordrawable:1.1.0] AndroidManifest.xml:17:1-24:12
MERGED from [androidx.customview:customview:1.0.0] AndroidManifest.xml:17:1-22:12
MERGED from [androidx.core:core:1.1.0] AndroidManifest.xml:17:1-26:12
MERGED from [androidx.lifecycle:lifecycle-runtime:2.1.0] AndroidManifest.xml:17:1-22:12
MERGED from [androidx.savedstate:savedstate:1.0.0] AndroidManifest.xml:17:1-24:12
MERGED from [androidx.lifecycle:lifecycle-livedata:2.0.0] AndroidManifest.xml:17:1-22:12
MERGED from [androidx.lifecycle:lifecycle-livedata-core:2.0.0] AndroidManifest.xml:17:1-22:12
MERGED from [androidx.exifinterface:exifinterface:1.0.0] AndroidManifest.xml:17:1-22:12
MERGED from [androidx.cursoradapter:cursoradapter:1.0.0] AndroidManifest.xml:17:1-22:12
MERGED from [androidx.versionedparcelable:versionedparcelable:1.1.0] AndroidManifest.xml:17:1-27:12
MERGED from [androidx.lifecycle:lifecycle-viewmodel:2.1.0] AndroidManifest.xml:17:1-22:12
MERGED from [androidx.interpolator:interpolator:1.0.0] AndroidManifest.xml:17:1-22:12
MERGED from [androidx.arch.core:core-runtime:2.0.0] AndroidManifest.xml:17:1-22:12
MERGED from [cn.jiguang.sdk:jpush:3.4.0] AndroidManifest.xml:2:1-156:12
MERGED from [cn.jiguang.sdk:jcore:2.1.6] AndroidManifest.xml:2:1-14:12
INJECTED from src/main/AndroidManifest.xml:1:1-52:12
INJECTED from src/main/AndroidManifest.xml:1:1-52:12
INJECTED from src/main/AndroidManifest.xml:1:1-52:12
	package
		ADDED from src/main/AndroidManifest.xml:2:5-29
		INJECTED from src/main/AndroidManifest.xml
		INJECTED from src/main/AndroidManifest.xml
	android:versionName
		INJECTED from src/main/AndroidManifest.xml
		ADDED from src/main/AndroidManifest.xml:1:1-52:12
		INJECTED from src/main/AndroidManifest.xml
	android:versionCode
		INJECTED from src/main/AndroidManifest.xml
		ADDED from src/main/AndroidManifest.xml:1:1-52:12
		INJECTED from src/main/AndroidManifest.xml
	xmlns:android
		ADDED from src/main/AndroidManifest.xml:1:11-69
uses-permission#android.permission.INTERNET
ADDED from src/main/AndroidManifest.xml:8:5-66
MERGED from [cn.jiguang.sdk:jpush:3.4.0] AndroidManifest.xml:18:5-67
MERGED from [cn.jiguang.sdk:jpush:3.4.0] AndroidManifest.xml:18:5-67
	android:name
		ADDED from src/main/AndroidManifest.xml:8:22-64
application
ADDED from src/main/AndroidManifest.xml:15:5-51:19
MERGED from [:flutter_webview_plugin] AndroidManifest.xml:8:5-19:19
MERGED from [:flutter_webview_plugin] AndroidManifest.xml:8:5-19:19
MERGED from [:url_launcher] AndroidManifest.xml:7:5-12:19
MERGED from [:url_launcher] AndroidManifest.xml:7:5-12:19
MERGED from [:image_picker] AndroidManifest.xml:10:5-20:19
MERGED from [:image_picker] AndroidManifest.xml:10:5-20:19
MERGED from [:jpush_flutter] AndroidManifest.xml:9:5-44:19
MERGED from [:jpush_flutter] AndroidManifest.xml:9:5-44:19
MERGED from [androidx.core:core:1.1.0] AndroidManifest.xml:24:5-89
MERGED from [androidx.core:core:1.1.0] AndroidManifest.xml:24:5-89
MERGED from [androidx.versionedparcelable:versionedparcelable:1.1.0] AndroidManifest.xml:24:5-25:19
MERGED from [androidx.versionedparcelable:versionedparcelable:1.1.0] AndroidManifest.xml:24:5-25:19
MERGED from [cn.jiguang.sdk:jpush:3.4.0] AndroidManifest.xml:38:5-154:19
MERGED from [cn.jiguang.sdk:jpush:3.4.0] AndroidManifest.xml:38:5-154:19
MERGED from [cn.jiguang.sdk:jcore:2.1.6] AndroidManifest.xml:11:5-12:19
MERGED from [cn.jiguang.sdk:jcore:2.1.6] AndroidManifest.xml:11:5-12:19
	android:appComponentFactory
		ADDED from [androidx.core:core:1.1.0] AndroidManifest.xml:24:18-86
	android:label
		ADDED from src/main/AndroidManifest.xml:17:9-29
	android:largeHeap
		ADDED from src/main/AndroidManifest.xml:18:9-33
	android:icon
		ADDED from src/main/AndroidManifest.xml:19:9-43
	android:name
		ADDED from src/main/AndroidManifest.xml:16:9-57
activity#com.cheng.wpay.MainActivity
ADDED from src/main/AndroidManifest.xml:20:9-50:20
	android:launchMode
		ADDED from src/main/AndroidManifest.xml:22:13-43
	android:hardwareAccelerated
		ADDED from src/main/AndroidManifest.xml:25:13-47
	android:windowSoftInputMode
		ADDED from src/main/AndroidManifest.xml:26:13-55
	android:configChanges
		ADDED from src/main/AndroidManifest.xml:24:13-137
	android:theme
		ADDED from src/main/AndroidManifest.xml:23:13-47
	android:name
		ADDED from src/main/AndroidManifest.xml:21:13-41
meta-data#io.flutter.app.android.SplashScreenUntilFirstFrame
ADDED from src/main/AndroidManifest.xml:31:13-33:40
	android:value
		ADDED from src/main/AndroidManifest.xml:33:17-37
	android:name
		ADDED from src/main/AndroidManifest.xml:32:17-82
meta-data#io.flutter.embedding.android.SplashScreenDrawable
ADDED from src/main/AndroidManifest.xml:34:13-37:19
	android:resource
		ADDED from src/main/AndroidManifest.xml:36:17-53
	android:name
		ADDED from src/main/AndroidManifest.xml:35:17-81
intent-filter#action:name:android.intent.action.MAIN+category:name:android.intent.category.LAUNCHER
ADDED from src/main/AndroidManifest.xml:38:13-41:29
action#android.intent.action.MAIN
ADDED from src/main/AndroidManifest.xml:39:17-68
	android:name
		ADDED from src/main/AndroidManifest.xml:39:25-66
category#android.intent.category.LAUNCHER
ADDED from src/main/AndroidManifest.xml:40:17-76
	android:name
		ADDED from src/main/AndroidManifest.xml:40:27-74
intent-filter#action:name:android.intent.action.VIEW+category:name:android.intent.category.BROWSABLE+category:name:android.intent.category.DEFAULT+data:scheme:wxx7ij
ADDED from src/main/AndroidManifest.xml:42:13-49:29
action#android.intent.action.VIEW
ADDED from src/main/AndroidManifest.xml:43:17-68
	android:name
		ADDED from src/main/AndroidManifest.xml:43:25-66
category#android.intent.category.DEFAULT
ADDED from src/main/AndroidManifest.xml:45:17-75
	android:name
		ADDED from src/main/AndroidManifest.xml:45:27-73
category#android.intent.category.BROWSABLE
ADDED from src/main/AndroidManifest.xml:46:17-77
	android:name
		ADDED from src/main/AndroidManifest.xml:46:27-75
data
ADDED from src/main/AndroidManifest.xml:48:17-48
	android:scheme
		ADDED from src/main/AndroidManifest.xml:48:23-46
uses-sdk
INJECTED from src/main/AndroidManifest.xml reason: use-sdk injection requested
INJECTED from src/main/AndroidManifest.xml
INJECTED from src/main/AndroidManifest.xml
MERGED from [:flutter_image_compress] AndroidManifest.xml:5:5-7:41
MERGED from [:flutter_image_compress] AndroidManifest.xml:5:5-7:41
MERGED from [:fluttertoast] AndroidManifest.xml:5:5-44
MERGED from [:fluttertoast] AndroidManifest.xml:5:5-44
MERGED from [:sqflite] AndroidManifest.xml:5:5-44
MERGED from [:sqflite] AndroidManifest.xml:5:5-44
MERGED from [:flutter_webview_plugin] AndroidManifest.xml:6:5-44
MERGED from [:flutter_webview_plugin] AndroidManifest.xml:6:5-44
MERGED from [:url_launcher] AndroidManifest.xml:5:5-44
MERGED from [:url_launcher] AndroidManifest.xml:5:5-44
MERGED from [:shared_preferences] AndroidManifest.xml:5:5-44
MERGED from [:shared_preferences] AndroidManifest.xml:5:5-44
MERGED from [:shared_preferences_web] AndroidManifest.xml:5:5-44
MERGED from [:shared_preferences_web] AndroidManifest.xml:5:5-44
MERGED from [:shared_preferences_macos] AndroidManifest.xml:5:5-44
MERGED from [:shared_preferences_macos] AndroidManifest.xml:5:5-44
MERGED from [:path_provider] AndroidManifest.xml:5:5-44
MERGED from [:path_provider] AndroidManifest.xml:5:5-44
MERGED from [:image_picker] AndroidManifest.xml:5:5-44
MERGED from [:image_picker] AndroidManifest.xml:5:5-44
MERGED from [:url_launcher_macos] AndroidManifest.xml:5:5-44
MERGED from [:url_launcher_macos] AndroidManifest.xml:5:5-44
MERGED from [:jpush_flutter] AndroidManifest.xml:5:5-44
MERGED from [:jpush_flutter] AndroidManifest.xml:5:5-44
MERGED from [:url_launcher_web] AndroidManifest.xml:5:5-44
MERGED from [:url_launcher_web] AndroidManifest.xml:5:5-44
MERGED from [androidx.appcompat:appcompat:1.1.0] AndroidManifest.xml:20:5-22:41
MERGED from [androidx.appcompat:appcompat:1.1.0] AndroidManifest.xml:20:5-22:41
MERGED from [androidx.fragment:fragment:1.1.0] AndroidManifest.xml:20:5-22:41
MERGED from [androidx.fragment:fragment:1.1.0] AndroidManifest.xml:20:5-22:41
MERGED from [androidx.appcompat:appcompat-resources:1.1.0] AndroidManifest.xml:20:5-22:41
MERGED from [androidx.appcompat:appcompat-resources:1.1.0] AndroidManifest.xml:20:5-22:41
MERGED from [androidx.drawerlayout:drawerlayout:1.0.0] AndroidManifest.xml:20:5-44
MERGED from [androidx.drawerlayout:drawerlayout:1.0.0] AndroidManifest.xml:20:5-44
MERGED from [androidx.viewpager:viewpager:1.0.0] AndroidManifest.xml:20:5-44
MERGED from [androidx.viewpager:viewpager:1.0.0] AndroidManifest.xml:20:5-44
MERGED from [androidx.loader:loader:1.0.0] AndroidManifest.xml:20:5-44
MERGED from [androidx.loader:loader:1.0.0] AndroidManifest.xml:20:5-44
MERGED from [androidx.activity:activity:1.0.0] AndroidManifest.xml:20:5-22:41
MERGED from [androidx.activity:activity:1.0.0] AndroidManifest.xml:20:5-22:41
MERGED from [androidx.vectordrawable:vectordrawable-animated:1.1.0] AndroidManifest.xml:20:5-22:41
MERGED from [androidx.vectordrawable:vectordrawable-animated:1.1.0] AndroidManifest.xml:20:5-22:41
MERGED from [androidx.vectordrawable:vectordrawable:1.1.0] AndroidManifest.xml:20:5-22:41
MERGED from [androidx.vectordrawable:vectordrawable:1.1.0] AndroidManifest.xml:20:5-22:41
MERGED from [androidx.customview:customview:1.0.0] AndroidManifest.xml:20:5-44
MERGED from [androidx.customview:customview:1.0.0] AndroidManifest.xml:20:5-44
MERGED from [androidx.core:core:1.1.0] AndroidManifest.xml:20:5-22:41
MERGED from [androidx.core:core:1.1.0] AndroidManifest.xml:20:5-22:41
MERGED from [androidx.lifecycle:lifecycle-runtime:2.1.0] AndroidManifest.xml:20:5-44
MERGED from [androidx.lifecycle:lifecycle-runtime:2.1.0] AndroidManifest.xml:20:5-44
MERGED from [androidx.savedstate:savedstate:1.0.0] AndroidManifest.xml:20:5-22:41
MERGED from [androidx.savedstate:savedstate:1.0.0] AndroidManifest.xml:20:5-22:41
MERGED from [androidx.lifecycle:lifecycle-livedata:2.0.0] AndroidManifest.xml:20:5-44
MERGED from [androidx.lifecycle:lifecycle-livedata:2.0.0] AndroidManifest.xml:20:5-44
MERGED from [androidx.lifecycle:lifecycle-livedata-core:2.0.0] AndroidManifest.xml:20:5-44
MERGED from [androidx.lifecycle:lifecycle-livedata-core:2.0.0] AndroidManifest.xml:20:5-44
MERGED from [androidx.exifinterface:exifinterface:1.0.0] AndroidManifest.xml:20:5-44
MERGED from [androidx.exifinterface:exifinterface:1.0.0] AndroidManifest.xml:20:5-44
MERGED from [androidx.cursoradapter:cursoradapter:1.0.0] AndroidManifest.xml:20:5-44
MERGED from [androidx.cursoradapter:cursoradapter:1.0.0] AndroidManifest.xml:20:5-44
MERGED from [androidx.versionedparcelable:versionedparcelable:1.1.0] AndroidManifest.xml:20:5-22:41
MERGED from [androidx.versionedparcelable:versionedparcelable:1.1.0] AndroidManifest.xml:20:5-22:41
MERGED from [androidx.lifecycle:lifecycle-viewmodel:2.1.0] AndroidManifest.xml:20:5-44
MERGED from [androidx.lifecycle:lifecycle-viewmodel:2.1.0] AndroidManifest.xml:20:5-44
MERGED from [androidx.interpolator:interpolator:1.0.0] AndroidManifest.xml:20:5-44
MERGED from [androidx.interpolator:interpolator:1.0.0] AndroidManifest.xml:20:5-44
MERGED from [androidx.arch.core:core-runtime:2.0.0] AndroidManifest.xml:20:5-44
MERGED from [androidx.arch.core:core-runtime:2.0.0] AndroidManifest.xml:20:5-44
MERGED from [cn.jiguang.sdk:jpush:3.4.0] AndroidManifest.xml:7:5-9:41
MERGED from [cn.jiguang.sdk:jpush:3.4.0] AndroidManifest.xml:7:5-9:41
MERGED from [cn.jiguang.sdk:jcore:2.1.6] AndroidManifest.xml:7:5-9:41
MERGED from [cn.jiguang.sdk:jcore:2.1.6] AndroidManifest.xml:7:5-9:41
INJECTED from src/main/AndroidManifest.xml
INJECTED from src/main/AndroidManifest.xml
	android:targetSdkVersion
		INJECTED from src/main/AndroidManifest.xml
		ADDED from src/main/AndroidManifest.xml
		INJECTED from src/main/AndroidManifest.xml
	android:minSdkVersion
		INJECTED from src/main/AndroidManifest.xml
		ADDED from src/main/AndroidManifest.xml
		INJECTED from src/main/AndroidManifest.xml
provider#androidx.core.content.FileProvider
ADDED from [:flutter_webview_plugin] AndroidManifest.xml:9:9-18:20
	android:grantUriPermissions
		ADDED from [:flutter_webview_plugin] AndroidManifest.xml:13:13-47
	android:authorities
		ADDED from [:flutter_webview_plugin] AndroidManifest.xml:11:13-64
	android:exported
		ADDED from [:flutter_webview_plugin] AndroidManifest.xml:12:13-37
	tools:replace
		ADDED from [:flutter_webview_plugin] AndroidManifest.xml:14:13-48
	android:name
		ADDED from [:flutter_webview_plugin] AndroidManifest.xml:10:13-62
meta-data#android.support.FILE_PROVIDER_PATHS
ADDED from [:flutter_webview_plugin] AndroidManifest.xml:15:13-17:53
	android:resource
		ADDED from [:flutter_webview_plugin] AndroidManifest.xml:17:17-50
	android:name
		ADDED from [:flutter_webview_plugin] AndroidManifest.xml:16:17-67
activity#io.flutter.plugins.urllauncher.WebViewActivity
ADDED from [:url_launcher] AndroidManifest.xml:8:9-11:74
	android:exported
		ADDED from [:url_launcher] AndroidManifest.xml:10:13-37
	android:theme
		ADDED from [:url_launcher] AndroidManifest.xml:11:13-71
	android:name
		ADDED from [:url_launcher] AndroidManifest.xml:9:13-74
uses-permission#android.permission.READ_EXTERNAL_STORAGE
ADDED from [:image_picker] AndroidManifest.xml:7:5-80
MERGED from [cn.jiguang.sdk:jpush:3.4.0] AndroidManifest.xml:21:5-80
MERGED from [cn.jiguang.sdk:jpush:3.4.0] AndroidManifest.xml:21:5-80
	android:name
		ADDED from [:image_picker] AndroidManifest.xml:7:22-77
uses-permission#android.permission.WRITE_EXTERNAL_STORAGE
ADDED from [:image_picker] AndroidManifest.xml:8:5-81
MERGED from [cn.jiguang.sdk:jpush:3.4.0] AndroidManifest.xml:20:5-81
MERGED from [cn.jiguang.sdk:jpush:3.4.0] AndroidManifest.xml:20:5-81
	android:name
		ADDED from [:image_picker] AndroidManifest.xml:8:22-78
provider#io.flutter.plugins.imagepicker.ImagePickerFileProvider
ADDED from [:image_picker] AndroidManifest.xml:11:9-19:20
	android:grantUriPermissions
		ADDED from [:image_picker] AndroidManifest.xml:15:13-47
	android:authorities
		ADDED from [:image_picker] AndroidManifest.xml:13:13-74
	android:exported
		ADDED from [:image_picker] AndroidManifest.xml:14:13-37
	android:name
		ADDED from [:image_picker] AndroidManifest.xml:12:13-82
uses-permission#com.huawei.android.launcher.permission.CHANGE_BADGE 
ADDED from [:jpush_flutter] AndroidManifest.xml:7:5-92
	android:name
		ADDED from [:jpush_flutter] AndroidManifest.xml:7:22-89
receiver#com.jiguang.jpush.JPushPlugin$JPushReceiver
ADDED from [:jpush_flutter] AndroidManifest.xml:10:9-24:20
	android:enabled
		ADDED from [:jpush_flutter] AndroidManifest.xml:12:13-35
	android:exported
		ADDED from [:jpush_flutter] AndroidManifest.xml:13:13-37
	android:name
		ADDED from [:jpush_flutter] AndroidManifest.xml:11:13-71
intent-filter#action:name:cn.jpush.android.intent.CONNECTION+action:name:cn.jpush.android.intent.MESSAGE_RECEIVED+action:name:cn.jpush.android.intent.NOTIFICATION_CLICK_ACTION+action:name:cn.jpush.android.intent.NOTIFICATION_OPENED+action:name:cn.jpush.android.intent.NOTIFICATION_RECEIVED+action:name:cn.jpush.android.intent.REGISTRATION+category:name:${applicationId}
ADDED from [:jpush_flutter] AndroidManifest.xml:14:13-23:29
intent-filter#action:name:cn.jpush.android.intent.CONNECTION+action:name:cn.jpush.android.intent.MESSAGE_RECEIVED+action:name:cn.jpush.android.intent.NOTIFICATION_CLICK_ACTION+action:name:cn.jpush.android.intent.NOTIFICATION_OPENED+action:name:cn.jpush.android.intent.NOTIFICATION_RECEIVED+action:name:cn.jpush.android.intent.REGISTRATION+category:name:com.cheng.wpay
ADDED from [:jpush_flutter] AndroidManifest.xml:14:13-23:29
action#cn.jpush.android.intent.REGISTRATION
ADDED from [:jpush_flutter] AndroidManifest.xml:15:17-79
	android:name
		ADDED from [:jpush_flutter] AndroidManifest.xml:15:25-76
action#cn.jpush.android.intent.MESSAGE_RECEIVED
ADDED from [:jpush_flutter] AndroidManifest.xml:16:17-83
	android:name
		ADDED from [:jpush_flutter] AndroidManifest.xml:16:25-80
action#cn.jpush.android.intent.NOTIFICATION_RECEIVED
ADDED from [:jpush_flutter] AndroidManifest.xml:17:17-88
	android:name
		ADDED from [:jpush_flutter] AndroidManifest.xml:17:25-85
action#cn.jpush.android.intent.NOTIFICATION_OPENED
ADDED from [:jpush_flutter] AndroidManifest.xml:18:17-86
	android:name
		ADDED from [:jpush_flutter] AndroidManifest.xml:18:25-83
action#cn.jpush.android.intent.NOTIFICATION_CLICK_ACTION
ADDED from [:jpush_flutter] AndroidManifest.xml:19:17-92
	android:name
		ADDED from [:jpush_flutter] AndroidManifest.xml:19:25-89
action#cn.jpush.android.intent.CONNECTION
ADDED from [:jpush_flutter] AndroidManifest.xml:20:17-77
	android:name
		ADDED from [:jpush_flutter] AndroidManifest.xml:20:25-74
category#${applicationId}
ADDED from [:jpush_flutter] AndroidManifest.xml:22:17-61
	android:name
		ADDED from [:jpush_flutter] AndroidManifest.xml:22:27-58
category#com.cheng.wpay
ADDED from [:jpush_flutter] AndroidManifest.xml:22:17-61
	android:name
		ADDED from [:jpush_flutter] AndroidManifest.xml:22:27-58
receiver#com.jiguang.jpush.JPushEventReceiver
ADDED from [:jpush_flutter] AndroidManifest.xml:25:9-31:20
	android:name
		ADDED from [:jpush_flutter] AndroidManifest.xml:25:19-70
intent-filter#action:name:cn.jpush.android.intent.RECEIVE_MESSAGE+category:name:${applicationId}
ADDED from [:jpush_flutter] AndroidManifest.xml:26:13-30:29
intent-filter#action:name:cn.jpush.android.intent.RECEIVE_MESSAGE+category:name:com.cheng.wpay
ADDED from [:jpush_flutter] AndroidManifest.xml:26:13-30:29
action#cn.jpush.android.intent.RECEIVE_MESSAGE
ADDED from [:jpush_flutter] AndroidManifest.xml:27:17-82
	android:name
		ADDED from [:jpush_flutter] AndroidManifest.xml:27:25-79
service#com.jiguang.jpush.JPushCustomService
ADDED from [:jpush_flutter] AndroidManifest.xml:35:9-43:19
	android:process
		ADDED from [:jpush_flutter] AndroidManifest.xml:39:13-40
	android:enabled
		ADDED from [:jpush_flutter] AndroidManifest.xml:37:13-35
	android:exported
		ADDED from [:jpush_flutter] AndroidManifest.xml:38:13-37
	android:name
		ADDED from [:jpush_flutter] AndroidManifest.xml:36:13-64
intent-filter#action:name:cn.jiguang.user.service.action
ADDED from [:jpush_flutter] AndroidManifest.xml:40:13-42:29
action#cn.jiguang.user.service.action
ADDED from [:jpush_flutter] AndroidManifest.xml:41:17-73
	android:name
		ADDED from [:jpush_flutter] AndroidManifest.xml:41:25-70
permission#${JPUSH_PKGNAME}.permission.JPUSH_MESSAGE
ADDED from [cn.jiguang.sdk:jpush:3.4.0] AndroidManifest.xml:11:5-13:47
	android:protectionLevel
		ADDED from [cn.jiguang.sdk:jpush:3.4.0] AndroidManifest.xml:13:9-44
	android:name
		ADDED from [cn.jiguang.sdk:jpush:3.4.0] AndroidManifest.xml:12:9-65
permission#com.cheng.wpay.permission.JPUSH_MESSAGE
ADDED from [cn.jiguang.sdk:jpush:3.4.0] AndroidManifest.xml:11:5-13:47
	android:protectionLevel
		ADDED from [cn.jiguang.sdk:jpush:3.4.0] AndroidManifest.xml:13:9-44
	android:name
		ADDED from [cn.jiguang.sdk:jpush:3.4.0] AndroidManifest.xml:12:9-65
uses-permission#${JPUSH_PKGNAME}.permission.JPUSH_MESSAGE
ADDED from [cn.jiguang.sdk:jpush:3.4.0] AndroidManifest.xml:16:5-81
	android:name
		ADDED from [cn.jiguang.sdk:jpush:3.4.0] AndroidManifest.xml:16:22-78
uses-permission#com.cheng.wpay.permission.JPUSH_MESSAGE
ADDED from [cn.jiguang.sdk:jpush:3.4.0] AndroidManifest.xml:16:5-81
	android:name
		ADDED from [cn.jiguang.sdk:jpush:3.4.0] AndroidManifest.xml:16:22-78
uses-permission#android.permission.RECEIVE_USER_PRESENT
ADDED from [cn.jiguang.sdk:jpush:3.4.0] AndroidManifest.xml:17:5-79
	android:name
		ADDED from [cn.jiguang.sdk:jpush:3.4.0] AndroidManifest.xml:17:22-76
uses-permission#android.permission.READ_PHONE_STATE
ADDED from [cn.jiguang.sdk:jpush:3.4.0] AndroidManifest.xml:19:5-75
	android:name
		ADDED from [cn.jiguang.sdk:jpush:3.4.0] AndroidManifest.xml:19:22-72
uses-permission#android.permission.WRITE_SETTINGS
ADDED from [cn.jiguang.sdk:jpush:3.4.0] AndroidManifest.xml:22:5-73
	android:name
		ADDED from [cn.jiguang.sdk:jpush:3.4.0] AndroidManifest.xml:22:22-70
uses-permission#android.permission.MOUNT_UNMOUNT_FILESYSTEMS
ADDED from [cn.jiguang.sdk:jpush:3.4.0] AndroidManifest.xml:23:5-84
	android:name
		ADDED from [cn.jiguang.sdk:jpush:3.4.0] AndroidManifest.xml:23:22-81
uses-permission#android.permission.ACCESS_NETWORK_STATE
ADDED from [cn.jiguang.sdk:jpush:3.4.0] AndroidManifest.xml:24:5-79
	android:name
		ADDED from [cn.jiguang.sdk:jpush:3.4.0] AndroidManifest.xml:24:22-76
uses-permission#android.permission.ACCESS_WIFI_STATE
ADDED from [cn.jiguang.sdk:jpush:3.4.0] AndroidManifest.xml:25:5-76
	android:name
		ADDED from [cn.jiguang.sdk:jpush:3.4.0] AndroidManifest.xml:25:22-73
uses-permission#android.permission.VIBRATE
ADDED from [cn.jiguang.sdk:jpush:3.4.0] AndroidManifest.xml:28:5-66
	android:name
		ADDED from [cn.jiguang.sdk:jpush:3.4.0] AndroidManifest.xml:28:22-63
uses-permission#android.permission.SYSTEM_ALERT_WINDOW
ADDED from [cn.jiguang.sdk:jpush:3.4.0] AndroidManifest.xml:29:5-78
	android:name
		ADDED from [cn.jiguang.sdk:jpush:3.4.0] AndroidManifest.xml:29:22-75
uses-permission#android.permission.ACCESS_COARSE_LOCATION
ADDED from [cn.jiguang.sdk:jpush:3.4.0] AndroidManifest.xml:30:5-81
	android:name
		ADDED from [cn.jiguang.sdk:jpush:3.4.0] AndroidManifest.xml:30:22-78
uses-permission#android.permission.CHANGE_WIFI_STATE
ADDED from [cn.jiguang.sdk:jpush:3.4.0] AndroidManifest.xml:31:5-76
	android:name
		ADDED from [cn.jiguang.sdk:jpush:3.4.0] AndroidManifest.xml:31:22-73
uses-permission#android.permission.ACCESS_FINE_LOCATION
ADDED from [cn.jiguang.sdk:jpush:3.4.0] AndroidManifest.xml:32:5-79
	android:name
		ADDED from [cn.jiguang.sdk:jpush:3.4.0] AndroidManifest.xml:32:22-76
uses-permission#android.permission.ACCESS_BACKGROUND_LOCATION
ADDED from [cn.jiguang.sdk:jpush:3.4.0] AndroidManifest.xml:33:5-85
	android:name
		ADDED from [cn.jiguang.sdk:jpush:3.4.0] AndroidManifest.xml:33:22-82
uses-permission#android.permission.ACCESS_LOCATION_EXTRA_COMMANDS
ADDED from [cn.jiguang.sdk:jpush:3.4.0] AndroidManifest.xml:34:5-89
	android:name
		ADDED from [cn.jiguang.sdk:jpush:3.4.0] AndroidManifest.xml:34:22-86
uses-permission#android.permission.CHANGE_NETWORK_STATE
ADDED from [cn.jiguang.sdk:jpush:3.4.0] AndroidManifest.xml:35:5-79
	android:name
		ADDED from [cn.jiguang.sdk:jpush:3.4.0] AndroidManifest.xml:35:22-76
uses-permission#android.permission.GET_TASKS
ADDED from [cn.jiguang.sdk:jpush:3.4.0] AndroidManifest.xml:36:5-68
	android:name
		ADDED from [cn.jiguang.sdk:jpush:3.4.0] AndroidManifest.xml:36:22-65
activity#cn.jpush.android.ui.PopWinActivity
ADDED from [cn.jiguang.sdk:jpush:3.4.0] AndroidManifest.xml:41:9-52:20
	android:exported
		ADDED from [cn.jiguang.sdk:jpush:3.4.0] AndroidManifest.xml:43:13-36
	android:theme
		ADDED from [cn.jiguang.sdk:jpush:3.4.0] AndroidManifest.xml:44:13-49
	android:name
		ADDED from [cn.jiguang.sdk:jpush:3.4.0] AndroidManifest.xml:42:13-62
intent-filter#action:name:cn.jpush.android.ui.PopWinActivity+category:name:${JPUSH_PKGNAME}+category:name:android.intent.category.DEFAULT
ADDED from [cn.jiguang.sdk:jpush:3.4.0] AndroidManifest.xml:45:13-51:29
intent-filter#action:name:cn.jpush.android.ui.PopWinActivity+category:name:android.intent.category.DEFAULT+category:name:com.cheng.wpay
ADDED from [cn.jiguang.sdk:jpush:3.4.0] AndroidManifest.xml:45:13-51:29
action#cn.jpush.android.ui.PopWinActivity
ADDED from [cn.jiguang.sdk:jpush:3.4.0] AndroidManifest.xml:48:17-77
	android:name
		ADDED from [cn.jiguang.sdk:jpush:3.4.0] AndroidManifest.xml:48:25-74
category#${JPUSH_PKGNAME}
ADDED from [cn.jiguang.sdk:jpush:3.4.0] AndroidManifest.xml:50:17-61
	android:name
		ADDED from [cn.jiguang.sdk:jpush:3.4.0] AndroidManifest.xml:50:27-58
activity#cn.jpush.android.ui.PushActivity
ADDED from [cn.jiguang.sdk:jpush:3.4.0] AndroidManifest.xml:55:9-66:20
	android:exported
		ADDED from [cn.jiguang.sdk:jpush:3.4.0] AndroidManifest.xml:58:13-36
	android:configChanges
		ADDED from [cn.jiguang.sdk:jpush:3.4.0] AndroidManifest.xml:57:13-63
	android:theme
		ADDED from [cn.jiguang.sdk:jpush:3.4.0] AndroidManifest.xml:59:13-60
	android:name
		ADDED from [cn.jiguang.sdk:jpush:3.4.0] AndroidManifest.xml:56:13-60
intent-filter#action:name:cn.jpush.android.ui.PushActivity+category:name:${JPUSH_PKGNAME}+category:name:android.intent.category.DEFAULT
ADDED from [cn.jiguang.sdk:jpush:3.4.0] AndroidManifest.xml:60:13-65:29
intent-filter#action:name:cn.jpush.android.ui.PushActivity+category:name:android.intent.category.DEFAULT+category:name:com.cheng.wpay
ADDED from [cn.jiguang.sdk:jpush:3.4.0] AndroidManifest.xml:60:13-65:29
action#cn.jpush.android.ui.PushActivity
ADDED from [cn.jiguang.sdk:jpush:3.4.0] AndroidManifest.xml:61:17-75
	android:name
		ADDED from [cn.jiguang.sdk:jpush:3.4.0] AndroidManifest.xml:61:25-72
service#cn.jpush.android.service.PushService
ADDED from [cn.jiguang.sdk:jpush:3.4.0] AndroidManifest.xml:69:9-80:19
	android:process
		ADDED from [cn.jiguang.sdk:jpush:3.4.0] AndroidManifest.xml:73:13-40
	android:enabled
		ADDED from [cn.jiguang.sdk:jpush:3.4.0] AndroidManifest.xml:71:13-35
	android:exported
		ADDED from [cn.jiguang.sdk:jpush:3.4.0] AndroidManifest.xml:72:13-37
	android:name
		ADDED from [cn.jiguang.sdk:jpush:3.4.0] AndroidManifest.xml:70:13-64
intent-filter#action:name:cn.jpush.android.intent.PUSH_TIME+action:name:cn.jpush.android.intent.PushService+action:name:cn.jpush.android.intent.REGISTER+action:name:cn.jpush.android.intent.REPORT
ADDED from [cn.jiguang.sdk:jpush:3.4.0] AndroidManifest.xml:74:13-79:29
action#cn.jpush.android.intent.REGISTER
ADDED from [cn.jiguang.sdk:jpush:3.4.0] AndroidManifest.xml:75:17-75
	android:name
		ADDED from [cn.jiguang.sdk:jpush:3.4.0] AndroidManifest.xml:75:25-72
action#cn.jpush.android.intent.REPORT
ADDED from [cn.jiguang.sdk:jpush:3.4.0] AndroidManifest.xml:76:17-73
	android:name
		ADDED from [cn.jiguang.sdk:jpush:3.4.0] AndroidManifest.xml:76:25-70
action#cn.jpush.android.intent.PushService
ADDED from [cn.jiguang.sdk:jpush:3.4.0] AndroidManifest.xml:77:17-78
	android:name
		ADDED from [cn.jiguang.sdk:jpush:3.4.0] AndroidManifest.xml:77:25-75
action#cn.jpush.android.intent.PUSH_TIME
ADDED from [cn.jiguang.sdk:jpush:3.4.0] AndroidManifest.xml:78:17-76
	android:name
		ADDED from [cn.jiguang.sdk:jpush:3.4.0] AndroidManifest.xml:78:25-73
service#cn.jpush.android.service.DaemonService
ADDED from [cn.jiguang.sdk:jpush:3.4.0] AndroidManifest.xml:84:9-93:19
	android:enabled
		ADDED from [cn.jiguang.sdk:jpush:3.4.0] AndroidManifest.xml:86:13-35
	android:exported
		ADDED from [cn.jiguang.sdk:jpush:3.4.0] AndroidManifest.xml:87:13-36
	android:name
		ADDED from [cn.jiguang.sdk:jpush:3.4.0] AndroidManifest.xml:85:13-66
intent-filter#action:name:cn.jpush.android.intent.DaemonService+category:name:${JPUSH_PKGNAME}
ADDED from [cn.jiguang.sdk:jpush:3.4.0] AndroidManifest.xml:88:13-92:29
intent-filter#action:name:cn.jpush.android.intent.DaemonService+category:name:com.cheng.wpay
ADDED from [cn.jiguang.sdk:jpush:3.4.0] AndroidManifest.xml:88:13-92:29
action#cn.jpush.android.intent.DaemonService
ADDED from [cn.jiguang.sdk:jpush:3.4.0] AndroidManifest.xml:89:17-80
	android:name
		ADDED from [cn.jiguang.sdk:jpush:3.4.0] AndroidManifest.xml:89:25-77
receiver#cn.jpush.android.service.PushReceiver
ADDED from [cn.jiguang.sdk:jpush:3.4.0] AndroidManifest.xml:96:9-115:20
	android:enabled
		ADDED from [cn.jiguang.sdk:jpush:3.4.0] AndroidManifest.xml:98:13-35
	android:exported
		ADDED from [cn.jiguang.sdk:jpush:3.4.0] AndroidManifest.xml:99:13-37
	android:name
		ADDED from [cn.jiguang.sdk:jpush:3.4.0] AndroidManifest.xml:97:13-65
intent-filter#action:name:cn.jpush.android.intent.NOTIFICATION_RECEIVED_PROXY+category:name:${JPUSH_PKGNAME}
ADDED from [cn.jiguang.sdk:jpush:3.4.0] AndroidManifest.xml:100:13-103:29
	android:priority
		ADDED from [cn.jiguang.sdk:jpush:3.4.0] AndroidManifest.xml:100:28-51
intent-filter#action:name:cn.jpush.android.intent.NOTIFICATION_RECEIVED_PROXY+category:name:com.cheng.wpay
ADDED from [cn.jiguang.sdk:jpush:3.4.0] AndroidManifest.xml:100:13-103:29
	android:priority
		ADDED from [cn.jiguang.sdk:jpush:3.4.0] AndroidManifest.xml:100:28-51
action#cn.jpush.android.intent.NOTIFICATION_RECEIVED_PROXY
ADDED from [cn.jiguang.sdk:jpush:3.4.0] AndroidManifest.xml:101:17-94
	android:name